2016/03/05 03:40:38 [error] [exception.CHttpException.404] CHttpException: The requested view "about" was not found. in D:\Xampp\htdocs\AllGitHub\conhiethoangtu\framework\web\actions\CViewAction.php:112
Stack trace:
#0 D:\Xampp\htdocs\AllGitHub\conhiethoangtu\framework\web\actions\CViewAction.php(123): CViewAction->resolveView('about')
#1 D:\Xampp\htdocs\AllGitHub\conhiethoangtu\framework\web\actions\CAction.php(76): CViewAction->run()
#2 D:\Xampp\htdocs\AllGitHub\conhiethoangtu\framework\web\CController.php(308): CAction->runWithParams(Array)
#3 D:\Xampp\htdocs\AllGitHub\conhiethoangtu\framework\web\CController.php(286): CController->runAction(Object(CViewAction))
#4 D:\Xampp\htdocs\AllGitHub\conhiethoangtu\framework\web\CController.php(265): CController->runActionWithFilters(Object(CViewAction), Array)
#5 D:\Xampp\htdocs\AllGitHub\conhiethoangtu\framework\web\CWebApplication.php(282): CController->run('page')
#6 D:\Xampp\htdocs\AllGitHub\conhiethoangtu\framework\web\CWebApplication.php(141): CWebApplication->runController('site/page')
#7 D:\Xampp\htdocs\AllGitHub\conhiethoangtu\framework\base\CApplication.php(185): CWebApplication->processRequest()
#8 D:\Xampp\htdocs\AllGitHub\conhiethoangtu\index.php(13): CApplication->run()
#9 {main}
REQUEST_URI=/AllGitHub/conhiethoangtu/site/page?view=about
HTTP_REFERER=http://localhost/AllGitHub/conhiethoangtu/site/index
---
2016/03/05 04:03:37 [error] [php] print_r() expects at least 1 parameter, 0 given (D:\Xampp\htdocs\AllGitHub\conhiethoangtu\protected\modules\admin\controllers\ProductController.php:68)
Stack trace:
#0 D:\Xampp\htdocs\AllGitHub\conhiethoangtu\framework\web\CController.php(308): CInlineAction->runWithParams()
#1 D:\Xampp\htdocs\AllGitHub\conhiethoangtu\framework\web\filters\CFilterChain.php(133): ProductController->runAction()
#2 D:\Xampp\htdocs\AllGitHub\conhiethoangtu\framework\web\filters\CFilter.php(40): CFilterChain->run()
#3 D:\Xampp\htdocs\AllGitHub\conhiethoangtu\framework\web\CController.php(1145): CAccessControlFilter->filter()
#4 D:\Xampp\htdocs\AllGitHub\conhiethoangtu\framework\web\filters\CInlineFilter.php(58): ProductController->filterAccessControl()
#5 D:\Xampp\htdocs\AllGitHub\conhiethoangtu\framework\web\filters\CFilterChain.php(130): CInlineFilter->filter()
#6 D:\Xampp\htdocs\AllGitHub\conhiethoangtu\framework\web\CController.php(291): CFilterChain->run()
#7 D:\Xampp\htdocs\AllGitHub\conhiethoangtu\framework\web\CController.php(265): ProductController->runActionWithFilters()
#8 D:\Xampp\htdocs\AllGitHub\conhiethoangtu\framework\web\CWebApplication.php(282): ProductController->run()
#9 D:\Xampp\htdocs\AllGitHub\conhiethoangtu\framework\web\CWebApplication.php(141): CWebApplication->runController()
#10 D:\Xampp\htdocs\AllGitHub\conhiethoangtu\framework\base\CApplication.php(185): CWebApplication->processRequest()
#11 D:\Xampp\htdocs\AllGitHub\conhiethoangtu\index.php(13): CWebApplication->run()
REQUEST_URI=/AllGitHub/conhiethoangtu/admin/product/create
in D:\Xampp\htdocs\AllGitHub\conhiethoangtu\protected\modules\admin\controllers\ProductController.php (68)
in D:\Xampp\htdocs\AllGitHub\conhiethoangtu\index.php (13)
2016/03/05 04:03:43 [error] [php] print_r() expects at least 1 parameter, 0 given (D:\Xampp\htdocs\AllGitHub\conhiethoangtu\protected\modules\admin\controllers\ProductController.php:68)
Stack trace:
#0 D:\Xampp\htdocs\AllGitHub\conhiethoangtu\framework\web\CController.php(308): CInlineAction->runWithParams()
#1 D:\Xampp\htdocs\AllGitHub\conhiethoangtu\framework\web\filters\CFilterChain.php(133): ProductController->runAction()
#2 D:\Xampp\htdocs\AllGitHub\conhiethoangtu\framework\web\filters\CFilter.php(40): CFilterChain->run()
#3 D:\Xampp\htdocs\AllGitHub\conhiethoangtu\framework\web\CController.php(1145): CAccessControlFilter->filter()
#4 D:\Xampp\htdocs\AllGitHub\conhiethoangtu\framework\web\filters\CInlineFilter.php(58): ProductController->filterAccessControl()
#5 D:\Xampp\htdocs\AllGitHub\conhiethoangtu\framework\web\filters\CFilterChain.php(130): CInlineFilter->filter()
#6 D:\Xampp\htdocs\AllGitHub\conhiethoangtu\framework\web\CController.php(291): CFilterChain->run()
#7 D:\Xampp\htdocs\AllGitHub\conhiethoangtu\framework\web\CController.php(265): ProductController->runActionWithFilters()
#8 D:\Xampp\htdocs\AllGitHub\conhiethoangtu\framework\web\CWebApplication.php(282): ProductController->run()
#9 D:\Xampp\htdocs\AllGitHub\conhiethoangtu\framework\web\CWebApplication.php(141): CWebApplication->runController()
#10 D:\Xampp\htdocs\AllGitHub\conhiethoangtu\framework\base\CApplication.php(185): CWebApplication->processRequest()
#11 D:\Xampp\htdocs\AllGitHub\conhiethoangtu\index.php(13): CWebApplication->run()
REQUEST_URI=/AllGitHub/conhiethoangtu/admin/product/create
in D:\Xampp\htdocs\AllGitHub\conhiethoangtu\protected\modules\admin\controllers\ProductController.php (68)
in D:\Xampp\htdocs\AllGitHub\conhiethoangtu\index.php (13)
2016/03/05 04:12:22 [error] [php] include(Chtml.php): failed to open stream: No such file or directory (D:\Xampp\htdocs\AllGitHub\conhiethoangtu\framework\YiiBase.php:432)
Stack trace:
#0 D:\Xampp\htdocs\AllGitHub\conhiethoangtu\protected\modules\admin\controllers\ProductController.php(67): spl_autoload_call()
#1 D:\Xampp\htdocs\AllGitHub\conhiethoangtu\framework\web\actions\CInlineAction.php(49): ProductController->actionCreate()
#2 D:\Xampp\htdocs\AllGitHub\conhiethoangtu\framework\web\CController.php(308): CInlineAction->runWithParams()
#3 D:\Xampp\htdocs\AllGitHub\conhiethoangtu\framework\web\filters\CFilterChain.php(133): ProductController->runAction()
#4 D:\Xampp\htdocs\AllGitHub\conhiethoangtu\framework\web\filters\CFilter.php(40): CFilterChain->run()
#5 D:\Xampp\htdocs\AllGitHub\conhiethoangtu\framework\web\CController.php(1145): CAccessControlFilter->filter()
#6 D:\Xampp\htdocs\AllGitHub\conhiethoangtu\framework\web\filters\CInlineFilter.php(58): ProductController->filterAccessControl()
#7 D:\Xampp\htdocs\AllGitHub\conhiethoangtu\framework\web\filters\CFilterChain.php(130): CInlineFilter->filter()
#8 D:\Xampp\htdocs\AllGitHub\conhiethoangtu\framework\web\CController.php(291): CFilterChain->run()
#9 D:\Xampp\htdocs\AllGitHub\conhiethoangtu\framework\web\CController.php(265): ProductController->runActionWithFilters()
#10 D:\Xampp\htdocs\AllGitHub\conhiethoangtu\framework\web\CWebApplication.php(282): ProductController->run()
#11 D:\Xampp\htdocs\AllGitHub\conhiethoangtu\framework\web\CWebApplication.php(141): CWebApplication->runController()
#12 D:\Xampp\htdocs\AllGitHub\conhiethoangtu\framework\base\CApplication.php(185): CWebApplication->processRequest()
#13 D:\Xampp\htdocs\AllGitHub\conhiethoangtu\index.php(13): CWebApplication->run()
REQUEST_URI=/AllGitHub/conhiethoangtu/admin/product/create
in D:\Xampp\htdocs\AllGitHub\conhiethoangtu\protected\modules\admin\controllers\ProductController.php (67)
in D:\Xampp\htdocs\AllGitHub\conhiethoangtu\index.php (13)
2016/03/05 04:18:26 [error] [php] Missing argument 3 for CActiveForm::dropDownList(), called in D:\Xampp\htdocs\AllGitHub\conhiethoangtu\protected\modules\admin\views\news\_form.php on line 30 and defined (D:\Xampp\htdocs\AllGitHub\conhiethoangtu\framework\web\widgets\CActiveForm.php:912)
Stack trace:
#0 D:\Xampp\htdocs\AllGitHub\conhiethoangtu\framework\web\CBaseController.php(95): NewsController->renderInternal()
#1 D:\Xampp\htdocs\AllGitHub\conhiethoangtu\framework\web\CController.php(869): NewsController->renderFile()
#2 D:\Xampp\htdocs\AllGitHub\conhiethoangtu\protected\modules\admin\views\news\create.php(18): NewsController->renderPartial()
#3 D:\Xampp\htdocs\AllGitHub\conhiethoangtu\framework\web\CBaseController.php(126): require()
#4 D:\Xampp\htdocs\AllGitHub\conhiethoangtu\framework\web\CBaseController.php(95): NewsController->renderInternal()
#5 D:\Xampp\htdocs\AllGitHub\conhiethoangtu\framework\web\CController.php(869): NewsController->renderFile()
#6 D:\Xampp\htdocs\AllGitHub\conhiethoangtu\framework\web\CController.php(782): NewsController->renderPartial()
#7 D:\Xampp\htdocs\AllGitHub\conhiethoangtu\protected\modules\admin\controllers\NewsController.php(81): NewsController->render()
#8 D:\Xampp\htdocs\AllGitHub\conhiethoangtu\framework\web\actions\CInlineAction.php(49): NewsController->actionCreate()
#9 D:\Xampp\htdocs\AllGitHub\conhiethoangtu\framework\web\CController.php(308): CInlineAction->runWithParams()
#10 D:\Xampp\htdocs\AllGitHub\conhiethoangtu\framework\web\filters\CFilterChain.php(133): NewsController->runAction()
#11 D:\Xampp\htdocs\AllGitHub\conhiethoangtu\framework\web\filters\CFilter.php(40): CFilterChain->run()
#12 D:\Xampp\htdocs\AllGitHub\conhiethoangtu\framework\web\CController.php(1145): CAccessControlFilter->filter()
#13 D:\Xampp\htdocs\AllGitHub\conhiethoangtu\framework\web\filters\CInlineFilter.php(58): NewsController->filterAccessControl()
#14 D:\Xampp\htdocs\AllGitHub\conhiethoangtu\framework\web\filters\CFilterChain.php(130): CInlineFilter->filter()
#15 D:\Xampp\htdocs\AllGitHub\conhiethoangtu\framework\web\CController.php(291): CFilterChain->run()
#16 D:\Xampp\htdocs\AllGitHub\conhiethoangtu\framework\web\CController.php(265): NewsController->runActionWithFilters()
#17 D:\Xampp\htdocs\AllGitHub\conhiethoangtu\framework\web\CWebApplication.php(282): NewsController->run()
#18 D:\Xampp\htdocs\AllGitHub\conhiethoangtu\framework\web\CWebApplication.php(141): CWebApplication->runController()
#19 D:\Xampp\htdocs\AllGitHub\conhiethoangtu\framework\base\CApplication.php(185): CWebApplication->processRequest()
#20 D:\Xampp\htdocs\AllGitHub\conhiethoangtu\index.php(13): CWebApplication->run()
REQUEST_URI=/AllGitHub/conhiethoangtu/admin/news/create
in D:\Xampp\htdocs\AllGitHub\conhiethoangtu\protected\modules\admin\views\news\_form.php (30)
in D:\Xampp\htdocs\AllGitHub\conhiethoangtu\protected\modules\admin\views\news\create.php (18)
in D:\Xampp\htdocs\AllGitHub\conhiethoangtu\protected\modules\admin\controllers\NewsController.php (81)
2016/03/05 04:19:56 [error] [php] Undefined variable: data (D:\Xampp\htdocs\AllGitHub\conhiethoangtu\protected\modules\admin\views\news\_form.php:30)
Stack trace:
#0 D:\Xampp\htdocs\AllGitHub\conhiethoangtu\framework\web\CController.php(869): NewsController->renderFile()
#1 D:\Xampp\htdocs\AllGitHub\conhiethoangtu\protected\modules\admin\views\news\create.php(18): NewsController->renderPartial()
#2 D:\Xampp\htdocs\AllGitHub\conhiethoangtu\framework\web\CBaseController.php(126): require()
#3 D:\Xampp\htdocs\AllGitHub\conhiethoangtu\framework\web\CBaseController.php(95): NewsController->renderInternal()
#4 D:\Xampp\htdocs\AllGitHub\conhiethoangtu\framework\web\CController.php(869): NewsController->renderFile()
#5 D:\Xampp\htdocs\AllGitHub\conhiethoangtu\framework\web\CController.php(782): NewsController->renderPartial()
#6 D:\Xampp\htdocs\AllGitHub\conhiethoangtu\protected\modules\admin\controllers\NewsController.php(81): NewsController->render()
#7 D:\Xampp\htdocs\AllGitHub\conhiethoangtu\framework\web\actions\CInlineAction.php(49): NewsController->actionCreate()
#8 D:\Xampp\htdocs\AllGitHub\conhiethoangtu\framework\web\CController.php(308): CInlineAction->runWithParams()
#9 D:\Xampp\htdocs\AllGitHub\conhiethoangtu\framework\web\filters\CFilterChain.php(133): NewsController->runAction()
#10 D:\Xampp\htdocs\AllGitHub\conhiethoangtu\framework\web\filters\CFilter.php(40): CFilterChain->run()
#11 D:\Xampp\htdocs\AllGitHub\conhiethoangtu\framework\web\CController.php(1145): CAccessControlFilter->filter()
#12 D:\Xampp\htdocs\AllGitHub\conhiethoangtu\framework\web\filters\CInlineFilter.php(58): NewsController->filterAccessControl()
#13 D:\Xampp\htdocs\AllGitHub\conhiethoangtu\framework\web\filters\CFilterChain.php(130): CInlineFilter->filter()
#14 D:\Xampp\htdocs\AllGitHub\conhiethoangtu\framework\web\CController.php(291): CFilterChain->run()
#15 D:\Xampp\htdocs\AllGitHub\conhiethoangtu\framework\web\CController.php(265): NewsController->runActionWithFilters()
#16 D:\Xampp\htdocs\AllGitHub\conhiethoangtu\framework\web\CWebApplication.php(282): NewsController->run()
#17 D:\Xampp\htdocs\AllGitHub\conhiethoangtu\framework\web\CWebApplication.php(141): CWebApplication->runController()
#18 D:\Xampp\htdocs\AllGitHub\conhiethoangtu\framework\base\CApplication.php(185): CWebApplication->processRequest()
#19 D:\Xampp\htdocs\AllGitHub\conhiethoangtu\index.php(13): CWebApplication->run()
REQUEST_URI=/AllGitHub/conhiethoangtu/admin/news/create
in D:\Xampp\htdocs\AllGitHub\conhiethoangtu\protected\modules\admin\views\news\_form.php (30)
in D:\Xampp\htdocs\AllGitHub\conhiethoangtu\protected\modules\admin\views\news\create.php (18)
in D:\Xampp\htdocs\AllGitHub\conhiethoangtu\protected\modules\admin\controllers\NewsController.php (81)
2016/03/05 04:24:15 [error] [php] include(NewCategory.php): failed to open stream: No such file or directory (D:\Xampp\htdocs\AllGitHub\conhiethoangtu\framework\YiiBase.php:432)
Stack trace:
#0 D:\Xampp\htdocs\AllGitHub\conhiethoangtu\protected\models\NewsCategory.php(30): spl_autoload_call()
#1 D:\Xampp\htdocs\AllGitHub\conhiethoangtu\protected\modules\admin\controllers\NewsController.php(66): getAllNewCate()
#2 D:\Xampp\htdocs\AllGitHub\conhiethoangtu\framework\web\actions\CInlineAction.php(49): NewsController->actionCreate()
#3 D:\Xampp\htdocs\AllGitHub\conhiethoangtu\framework\web\CController.php(308): CInlineAction->runWithParams()
#4 D:\Xampp\htdocs\AllGitHub\conhiethoangtu\framework\web\filters\CFilterChain.php(133): NewsController->runAction()
#5 D:\Xampp\htdocs\AllGitHub\conhiethoangtu\framework\web\filters\CFilter.php(40): CFilterChain->run()
#6 D:\Xampp\htdocs\AllGitHub\conhiethoangtu\framework\web\CController.php(1145): CAccessControlFilter->filter()
#7 D:\Xampp\htdocs\AllGitHub\conhiethoangtu\framework\web\filters\CInlineFilter.php(58): NewsController->filterAccessControl()
#8 D:\Xampp\htdocs\AllGitHub\conhiethoangtu\framework\web\filters\CFilterChain.php(130): CInlineFilter->filter()
#9 D:\Xampp\htdocs\AllGitHub\conhiethoangtu\framework\web\CController.php(291): CFilterChain->run()
#10 D:\Xampp\htdocs\AllGitHub\conhiethoangtu\framework\web\CController.php(265): NewsController->runActionWithFilters()
#11 D:\Xampp\htdocs\AllGitHub\conhiethoangtu\framework\web\CWebApplication.php(282): NewsController->run()
#12 D:\Xampp\htdocs\AllGitHub\conhiethoangtu\framework\web\CWebApplication.php(141): CWebApplication->runController()
#13 D:\Xampp\htdocs\AllGitHub\conhiethoangtu\framework\base\CApplication.php(185): CWebApplication->processRequest()
#14 D:\Xampp\htdocs\AllGitHub\conhiethoangtu\index.php(13): CWebApplication->run()
REQUEST_URI=/AllGitHub/conhiethoangtu/admin/news/create
in D:\Xampp\htdocs\AllGitHub\conhiethoangtu\protected\models\NewsCategory.php (30)
in D:\Xampp\htdocs\AllGitHub\conhiethoangtu\protected\modules\admin\controllers\NewsController.php (66)
in D:\Xampp\htdocs\AllGitHub\conhiethoangtu\index.php (13)
2016/03/05 04:25:42 [error] [php] Missing argument 1 for CHtml::listData(), called in D:\Xampp\htdocs\AllGitHub\conhiethoangtu\protected\modules\admin\controllers\NewsController.php on line 67 and defined (D:\Xampp\htdocs\AllGitHub\conhiethoangtu\framework\web\helpers\CHtml.php:2271)
Stack trace:
#0 D:\Xampp\htdocs\AllGitHub\conhiethoangtu\framework\web\CController.php(308): CInlineAction->runWithParams()
#1 D:\Xampp\htdocs\AllGitHub\conhiethoangtu\framework\web\filters\CFilterChain.php(133): NewsController->runAction()
#2 D:\Xampp\htdocs\AllGitHub\conhiethoangtu\framework\web\filters\CFilter.php(40): CFilterChain->run()
#3 D:\Xampp\htdocs\AllGitHub\conhiethoangtu\framework\web\CController.php(1145): CAccessControlFilter->filter()
#4 D:\Xampp\htdocs\AllGitHub\conhiethoangtu\framework\web\filters\CInlineFilter.php(58): NewsController->filterAccessControl()
#5 D:\Xampp\htdocs\AllGitHub\conhiethoangtu\framework\web\filters\CFilterChain.php(130): CInlineFilter->filter()
#6 D:\Xampp\htdocs\AllGitHub\conhiethoangtu\framework\web\CController.php(291): CFilterChain->run()
#7 D:\Xampp\htdocs\AllGitHub\conhiethoangtu\framework\web\CController.php(265): NewsController->runActionWithFilters()
#8 D:\Xampp\htdocs\AllGitHub\conhiethoangtu\framework\web\CWebApplication.php(282): NewsController->run()
#9 D:\Xampp\htdocs\AllGitHub\conhiethoangtu\framework\web\CWebApplication.php(141): CWebApplication->runController()
#10 D:\Xampp\htdocs\AllGitHub\conhiethoangtu\framework\base\CApplication.php(185): CWebApplication->processRequest()
#11 D:\Xampp\htdocs\AllGitHub\conhiethoangtu\index.php(13): CWebApplication->run()
REQUEST_URI=/AllGitHub/conhiethoangtu/admin/news/create
in D:\Xampp\htdocs\AllGitHub\conhiethoangtu\protected\modules\admin\controllers\NewsController.php (67)
in D:\Xampp\htdocs\AllGitHub\conhiethoangtu\index.php (13)
